d:\users\caleb\documents\visual studio 2013\projects\project4\project4\debug\vc120.pdb
d:\users\caleb\documents\visual studio 2013\projects\project4\project4\debug\vc120.idb
d:\users\caleb\documents\visual studio 2013\projects\project4\project4\debug\actionset.obj
d:\users\caleb\documents\visual studio 2013\projects\project4\project4\debug\editor.obj
d:\users\caleb\documents\visual studio 2013\projects\project4\project4\debug\envloader.obj
d:\users\caleb\documents\visual studio 2013\projects\project4\project4\debug\animateddrawable.obj
d:\users\caleb\documents\visual studio 2013\projects\project4\project4\debug\coloreddrawable.obj
d:\users\caleb\documents\visual studio 2013\projects\project4\project4\debug\drawableobject.obj
d:\users\caleb\documents\visual studio 2013\projects\project4\project4\debug\runapplication.obj
d:\users\caleb\documents\visual studio 2013\projects\project4\project4\debug\applicationstate.obj
d:\users\caleb\documents\visual studio 2013\projects\project4\project4\debug\textureddrawable.obj
d:\users\caleb\documents\visual studio 2013\projects\project4\project4\debug\vector2d.obj
d:\users\caleb\documents\visual studio 2013\projects\project4\debug\opengl.ilk
d:\users\caleb\documents\visual studio 2013\projects\project4\debug\opengl.exe
d:\users\caleb\documents\visual studio 2013\projects\project4\debug\opengl.pdb
d:\users\caleb\documents\visual studio 2013\projects\project4\project4\debug\opengl.tlog\cl.command.1.tlog
d:\users\caleb\documents\visual studio 2013\projects\project4\project4\debug\opengl.tlog\cl.read.1.tlog
d:\users\caleb\documents\visual studio 2013\projects\project4\project4\debug\opengl.tlog\cl.write.1.tlog
d:\users\caleb\documents\visual studio 2013\projects\project4\project4\debug\opengl.tlog\link.command.1.tlog
d:\users\caleb\documents\visual studio 2013\projects\project4\project4\debug\opengl.tlog\link.read.1.tlog
d:\users\caleb\documents\visual studio 2013\projects\project4\project4\debug\opengl.tlog\link.write.1.tlog
